cl : Command line warning D9035: option 'Gm' has been deprecated and will be removed in a future release
  Jogo.cpp
c:\users\theo\desktop\libunicornio-master\projetos\bomb-the manatual - copy\jogo.cpp(45): warning C4244: 'argument': conversion from 'int' to 'float', possible loss of data
c:\users\theo\desktop\libunicornio-master\projetos\bomb-the manatual - copy\jogo.cpp(48): warning C4244: 'argument': conversion from 'int' to 'float', possible loss of data
c:\users\theo\desktop\libunicornio-master\projetos\bomb-the manatual - copy\jogo.cpp(51): warning C4244: 'argument': conversion from 'int' to 'float', possible loss of data
c:\users\theo\desktop\libunicornio-master\projetos\bomb-the manatual - copy\jogo.cpp(54): warning C4244: 'argument': conversion from 'int' to 'float', possible loss of data
c:\users\theo\desktop\libunicornio-master\projetos\bomb-the manatual - copy\jogo.cpp(57): warning C4244: 'argument': conversion from 'int' to 'float', possible loss of data
c:\users\theo\desktop\libunicornio-master\projetos\bomb-the manatual - copy\jogo.cpp(60): warning C4244: 'argument': conversion from 'int' to 'float', possible loss of data
c:\users\theo\desktop\libunicornio-master\projetos\bomb-the manatual - copy\jogo.cpp(63): warning C4244: 'argument': conversion from 'int' to 'float', possible loss of data
c:\users\theo\desktop\libunicornio-master\projetos\bomb-the manatual - copy\jogo.cpp(66): warning C4244: 'argument': conversion from 'int' to 'float', possible loss of data
c:\users\theo\desktop\libunicornio-master\projetos\bomb-the manatual - copy\jogo.cpp(69): warning C4244: 'argument': conversion from 'int' to 'float', possible loss of data
c:\users\theo\desktop\libunicornio-master\projetos\bomb-the manatual - copy\jogo.cpp(72): warning C4244: 'argument': conversion from 'int' to 'float', possible loss of data
c:\users\theo\desktop\libunicornio-master\projetos\bomb-the manatual - copy\jogo.cpp(158): warning C4244: 'argument': conversion from 'int' to 'float', possible loss of data
c:\users\theo\desktop\libunicornio-master\projetos\bomb-the manatual - copy\jogo.cpp(167): warning C4244: 'argument': conversion from 'int' to 'float', possible loss of data
c:\users\theo\desktop\libunicornio-master\projetos\bomb-the manatual - copy\jogo.cpp(600): warning C4244: 'argument': conversion from 'float' to 'int', possible loss of data
c:\users\theo\desktop\libunicornio-master\projetos\bomb-the manatual - copy\jogo.cpp(602): warning C4244: 'argument': conversion from 'float' to 'int', possible loss of data
c:\users\theo\desktop\libunicornio-master\projetos\bomb-the manatual - copy\jogo.cpp(586): warning C4101: 'fToken': unreferenced local variable
c:\users\theo\desktop\libunicornio-master\projetos\bomb-the manatual - copy\jogo.cpp(663): warning C4244: 'argument': conversion from 'float' to 'int', possible loss of data
c:\users\theo\desktop\libunicornio-master\projetos\bomb-the manatual - copy\jogo.cpp(665): warning C4244: 'argument': conversion from 'float' to 'int', possible loss of data
  Bomba.cpp
  Generating Code...
  base.vcxproj -> C:\Users\Theo\Desktop\libUnicornio-master\projetos\Bomb-The ManAtual - Copy\bin\base-debug.exe
